0 info it worked if it ends with ok
1 verbose cli [ '/Users/traviskochel/.nvm/versions/node/v5.3.0/bin/node',
1 verbose cli   '/Users/traviskochel/.nvm/versions/node/v5.3.0/bin/npm',
1 verbose cli   'version',
1 verbose cli   'minor' ]
2 info using npm@3.5.2
3 info using node@v5.3.0
4 info git [ 'status', '--porcelain' ]
5 verbose stack Error: Git working directory not clean.
5 verbose stack M package.json
5 verbose stack M src/Inputs/AjaxSelectInput.js
5 verbose stack M src/Inputs/BareSelectInput.js
5 verbose stack M src/Inputs/BooleanInput.js
5 verbose stack M src/Inputs/FileInput.js
5 verbose stack M src/Inputs/RadioOptions.js
5 verbose stack M src/Inputs/SelectInput.js
5 verbose stack M src/Inputs/TextArea.js
5 verbose stack M src/Inputs/TextInput.js
5 verbose stack M src/index.js
5 verbose stack     at /Users/traviskochel/.nvm/versions/node/v5.3.0/lib/node_modules/npm/lib/version.js:172:21
5 verbose stack     at ChildProcess.exithandler (child_process.js:204:7)
5 verbose stack     at emitTwo (events.js:87:13)
5 verbose stack     at ChildProcess.emit (events.js:172:7)
5 verbose stack     at maybeClose (internal/child_process.js:818:16)
5 verbose stack     at Socket.<anonymous> (internal/child_process.js:319:11)
5 verbose stack     at emitOne (events.js:77:13)
5 verbose stack     at Socket.emit (events.js:169:7)
5 verbose stack     at Pipe._onclose (net.js:469:12)
6 verbose cwd /Users/traviskochel/github/st-react-forms
7 error Darwin 16.7.0
8 error argv "/Users/traviskochel/.nvm/versions/node/v5.3.0/bin/node" "/Users/traviskochel/.nvm/versions/node/v5.3.0/bin/npm" "version" "minor"
9 error node v5.3.0
10 error npm  v3.5.2
11 error Git working directory not clean.
11 error M package.json
11 error M src/Inputs/AjaxSelectInput.js
11 error M src/Inputs/BareSelectInput.js
11 error M src/Inputs/BooleanInput.js
11 error M src/Inputs/FileInput.js
11 error M src/Inputs/RadioOptions.js
11 error M src/Inputs/SelectInput.js
11 error M src/Inputs/TextArea.js
11 error M src/Inputs/TextInput.js
11 error M src/index.js
12 error If you need help, you may report this error at:
12 error     <https://github.com/npm/npm/issues>
13 verbose exit [ 1, true ]
